<?xml version="1.0" encoding="UTF-8"?>
<testsuite xmlns:xsi="http://www.w3.org/2001/XMLSchema-instance" xsi:noNamespaceSchemaLocation="https://maven.apache.org/surefire/maven-surefire-plugin/xsd/surefire-test-report.xsd" name="org.fg.sonal.AppTest" time="0.057" tests="1" errors="0" skipped="0" failures="0">
  <properties>
    <property name="java.specification.version" value="13"/>
    <property name="sun.cpu.isalist" value="amd64"/>
    <property name="sun.jnu.encoding" value="Cp1252"/>
    <property name="java.class.path" value="C:\Users\Administrator.PF04ESS3\mymaven_trial\TestMavenApp\target\test-classes;C:\Users\Administrator.PF04ESS3\mymaven_trial\TestMavenApp\target\classes;C:\Users\Administrator.PF04ESS3\.m2\repository\junit\junit\4.11\junit-4.11.jar;C:\Users\Administrator.PF04ESS3\.m2\repository\org\hamcrest\hamcrest-core\1.3\hamcrest-core-1.3.jar;C:\Users\Administrator.PF04ESS3\.m2\repository\org\slf4j\slf4j-api\1.7.25\slf4j-api-1.7.25.jar;"/>
    <property name="java.vm.vendor" value="Oracle Corporation"/>
    <property name="sun.arch.data.model" value="64"/>
    <property name="user.variant" value=""/>
    <property name="java.vendor.url" value="https://java.oracle.com/"/>
    <property name="user.timezone" value="Asia/Calcutta"/>
    <property name="os.name" value="Windows 7"/>
    <property name="java.vm.specification.version" value="13"/>
    <property name="sun.java.launcher" value="SUN_STANDARD"/>
    <property name="user.country" value="US"/>
    <property name="sun.boot.library.path" value="C:\jdk-13.0.1_windows-x64_bin\jdk-13.0.1\bin"/>
    <property name="sun.java.command" value="C:\Users\ADMINI~1.PF0\AppData\Local\Temp\surefire16155092844877883841\surefirebooter12263703115813021548.jar C:\Users\Administrator.PF04ESS3\AppData\Local\Temp\surefire16155092844877883841 2019-12-09T18-15-02_341-jvmRun1 surefire16053843711489834349tmp surefire_07171167517623398691tmp"/>
    <property name="jdk.debug" value="release"/>
    <property name="surefire.test.class.path" value="C:\Users\Administrator.PF04ESS3\mymaven_trial\TestMavenApp\target\test-classes;C:\Users\Administrator.PF04ESS3\mymaven_trial\TestMavenApp\target\classes;C:\Users\Administrator.PF04ESS3\.m2\repository\junit\junit\4.11\junit-4.11.jar;C:\Users\Administrator.PF04ESS3\.m2\repository\org\hamcrest\hamcrest-core\1.3\hamcrest-core-1.3.jar;C:\Users\Administrator.PF04ESS3\.m2\repository\org\slf4j\slf4j-api\1.7.25\slf4j-api-1.7.25.jar;"/>
    <property name="sun.cpu.endian" value="little"/>
    <property name="user.home" value="C:\Users\Administrator.PF04ESS3"/>
    <property name="user.language" value="en"/>
    <property name="java.specification.vendor" value="Oracle Corporation"/>
    <property name="java.version.date" value="2019-10-15"/>
    <property name="java.home" value="C:\jdk-13.0.1_windows-x64_bin\jdk-13.0.1"/>
    <property name="file.separator" value="\"/>
    <property name="basedir" value="C:\Users\Administrator.PF04ESS3\mymaven_trial\TestMavenApp"/>
    <property name="java.vm.compressedOopsMode" value="32-bit"/>
    <property name="line.separator" value="&#10;"/>
    <property name="java.vm.specification.vendor" value="Oracle Corporation"/>
    <property name="java.specification.name" value="Java Platform API Specification"/>
    <property name="surefire.real.class.path" value="C:\Users\ADMINI~1.PF0\AppData\Local\Temp\surefire16155092844877883841\surefirebooter12263703115813021548.jar"/>
    <property name="user.script" value=""/>
    <property name="sun.management.compiler" value="HotSpot 64-Bit Tiered Compilers"/>
    <property name="java.runtime.version" value="13.0.1+9"/>
    <property name="user.name" value="Administrator"/>
    <property name="path.separator" value=";"/>
    <property name="os.version" value="6.1"/>
    <property name="java.runtime.name" value="Java(TM) SE Runtime Environment"/>
    <property name="file.encoding" value="Cp1252"/>
    <property name="java.vm.name" value="Java HotSpot(TM) 64-Bit Server VM"/>
    <property name="localRepository" value="C:\Users\Administrator.PF04ESS3\.m2\repository"/>
    <property name="java.vendor.url.bug" value="https://bugreport.java.com/bugreport/"/>
    <property name="java.io.tmpdir" value="C:\Users\ADMINI~1.PF0\AppData\Local\Temp\"/>
    <property name="java.version" value="13.0.1"/>
    <property name="user.dir" value="C:\Users\Administrator.PF04ESS3\mymaven_trial\TestMavenApp"/>
    <property name="os.arch" value="amd64"/>
    <property name="java.vm.specification.name" value="Java Virtual Machine Specification"/>
    <property name="sun.os.patch.level" value="Service Pack 1"/>
    <property name="java.library.path" value="C:\jdk-13.0.1_windows-x64_bin\jdk-13.0.1\bin;C:\Windows\Sun\Java\bin;C:\Windows\system32;C:\Windows;C:\Users\Administrator.PF04ESS3\bin;C:\Program Files\Git\mingw64\bin;C:\Program Files\Git\usr\local\bin;C:\Program Files\Git\usr\bin;C:\Program Files\Git\usr\bin;C:\Program Files\Git\mingw64\bin;C:\Program Files\Git\usr\bin;C:\Users\Administrator.PF04ESS3\bin;C:\Program Files (x86)\Common Files\Oracle\Java\javapath;C:\ProgramData\Oracle\Java\javapath;C:\app\manisha.nisha\product\11.2.0\dbhome_2\bin;C:\Users\admin\AppData\Local\Programs\Python\Python37-32;C:\Program Files\MySQL\MySQL Utilities 1.6;C:\apache-ant-1.10.7-bin\apache-ant-1.10.7\bin;C:\Program Files\WSO2\API Manager\2.6.0\bin;C:\Windows\System32;C:\Program Files\WSO2\Enterprise Integrator\7.0.0\micro-integrator\bin;C:\Program Files\WSO2\Enterprise Integrator\7.0.0\streaming-integrator\bin;C:\Program Files\Ballerina\ballerina-1.0.1;C:\Program Files\Ballerina\ballerina-1.0.0\bin;C:\Users\admin\AppData\Local\Programs\Python\Python37;C:\Users\admin\AppData\Local\Programs\Python\Python37\DLLs;C:\Users\admin\AppData\Local\Programs\Python\Python37\include;C:\Users\admin\AppData\Local\Programs\Python\Python37\Lib;C:\Users\admin\AppData\Local\Programs\Python\Python37\libs;C:\Users\admin\AppData\Local\Programs\Python\Python37\Scripts;C:\Users\admin\AppData\Local\Programs\Python\Python37\tcl;C:\Users\admin\AppData\Local\Programs\Python\Python37\Tools;C:\CURL\curl-7.66.0-win64-mingw\bin;E:\Sonal\WSO2\apimcli;C:\Program Files\nodejs;C:\Program Files\OpenSSL-Win64\bin;C:\Program Files\OpenSSL-Win64\bin\cnf;C:\Program Files (x86)\Vim\vim81;C:\Program Files\apache-maven-3.6.3-bin\apache-maven-3.6.3\bin;C:\HashiCorp\Vagrant\bin;C:\Program Files\Git\cmd;C:\jdk-13.0.1_windows-x64_bin\jdk-13.0.1\bin;C:\Users\Administrator.PF04ESS3\AppData\Local\Programs\Microsoft VS Code\bin;C:\Users\Administrator.PF04ESS3\AppData\Roaming\npm;C:\Program Files\OpenSSL-Win64\bin;C:\Program Files\OpenSSL-Win64\bin\cnf;C:\Program Files (x86)\Vim\vim81;C:\Program Files\apache-maven-3.6.3-bin\apache-maven-3.6.3\bin;C:\Program Files\Java\jre1.8.0_231\bin;C:\jdk-13.0.1_windows-x64_bin\jdk-13.0.1\bin;C:\Program Files\Git\usr\bin\vendor_perl;C:\Program Files\Git\usr\bin\core_perl;."/>
    <property name="java.vm.info" value="mixed mode, sharing"/>
    <property name="java.vendor" value="Oracle Corporation"/>
    <property name="java.vm.version" value="13.0.1+9"/>
    <property name="sun.io.unicode.encoding" value="UnicodeLittle"/>
    <property name="java.class.version" value="57.0"/>
  </properties>
  <testcase name="shouldAnswerWithTrue" classname="org.fg.sonal.AppTest" time="0.003"/>
</testsuite>